<?xml version="1.0" encoding="UTF-8"?>
<testng-results skipped="0" failed="1" total="33" passed="32">
  <reporter-output>
  </reporter-output>
  <suite name="Default suite" duration-ms="47188" started-at="2016-12-06T14:03:44Z" finished-at="2016-12-06T14:04:32Z">
    <groups>
    </groups>
    <test name="Default test" duration-ms="47188" started-at="2016-12-06T14:03:44Z" finished-at="2016-12-06T14:04:32Z">
      <class name="nl.naturalis.selenium.crs.tests.Test02">
        <test-method status="PASS" signature="initalize()[pri:0, instance:nl.naturalis.selenium.crs.tests.Test02@3ffc5af1]" name="initalize" is-config="true" duration-ms="3262" started-at="2016-12-06T15:03:44Z" finished-at="2016-12-06T15:03:48Z">
          <reporter-output>
          </reporter-output>
        </test-method> <!-- initalize -->
        <test-method status="PASS" signature="homePageOpen()[pri:0, instance:nl.naturalis.selenium.crs.tests.Test02@3ffc5af1]" name="homePageOpen" duration-ms="53" started-at="2016-12-06T15:03:48Z" finished-at="2016-12-06T15:03:48Z">
          <reporter-output>
          </reporter-output>
        </test-method> <!-- homePageOpen -->
        <test-method status="PASS" signature="takeScreenShotOnFailure(org.testng.ITestResult)[pri:0, instance:nl.naturalis.selenium.crs.tests.Test02@3ffc5af1]" name="takeScreenShotOnFailure" is-config="true" duration-ms="2" started-at="2016-12-06T15:03:48Z" finished-at="2016-12-06T15:03:48Z">
          <params>
            <param index="0">
              <value>
                <![CDATA[[TestResult name=homePageOpen status=SUCCESS method=Test02.homePageOpen()[pri:0, instance:nl.naturalis.selenium.crs.tests.Test02@3ffc5af1] output={null}]]]>
              </value>
            </param>
          </params>
          <reporter-output>
          </reporter-output>
        </test-method> <!-- takeScreenShotOnFailure -->
        <test-method status="PASS" signature="homePageDoLogin()[pri:0, instance:nl.naturalis.selenium.crs.tests.Test02@3ffc5af1]" name="homePageDoLogin" duration-ms="1306" started-at="2016-12-06T15:03:48Z" depends-on-methods="nl.naturalis.selenium.crs.tests.Test02.homePageOpen" finished-at="2016-12-06T15:03:49Z">
          <reporter-output>
          </reporter-output>
        </test-method> <!-- homePageDoLogin -->
        <test-method status="PASS" signature="takeScreenShotOnFailure(org.testng.ITestResult)[pri:0, instance:nl.naturalis.selenium.crs.tests.Test02@3ffc5af1]" name="takeScreenShotOnFailure" is-config="true" duration-ms="0" started-at="2016-12-06T15:03:49Z" finished-at="2016-12-06T15:03:49Z">
          <params>
            <param index="0">
              <value>
                <![CDATA[[TestResult name=homePageDoLogin status=SUCCESS method=Test02.homePageDoLogin()[pri:0, instance:nl.naturalis.selenium.crs.tests.Test02@3ffc5af1] output={null}]]]>
              </value>
            </param>
          </params>
          <reporter-output>
          </reporter-output>
        </test-method> <!-- takeScreenShotOnFailure -->
        <test-method status="PASS" signature="startPageTitle()[pri:0, instance:nl.naturalis.selenium.crs.tests.Test02@3ffc5af1]" name="startPageTitle" duration-ms="25" started-at="2016-12-06T15:03:49Z" depends-on-methods="nl.naturalis.selenium.crs.tests.Test02.homePageDoLogin" finished-at="2016-12-06T15:03:49Z">
          <reporter-output>
          </reporter-output>
        </test-method> <!-- startPageTitle -->
        <test-method status="PASS" signature="takeScreenShotOnFailure(org.testng.ITestResult)[pri:0, instance:nl.naturalis.selenium.crs.tests.Test02@3ffc5af1]" name="takeScreenShotOnFailure" is-config="true" duration-ms="0" started-at="2016-12-06T15:03:49Z" finished-at="2016-12-06T15:03:49Z">
          <params>
            <param index="0">
              <value>
                <![CDATA[[TestResult name=startPageTitle status=SUCCESS method=Test02.startPageTitle()[pri:0, instance:nl.naturalis.selenium.crs.tests.Test02@3ffc5af1] output={null}]]]>
              </value>
            </param>
          </params>
          <reporter-output>
          </reporter-output>
        </test-method> <!-- takeScreenShotOnFailure -->
        <test-method status="PASS" signature="clickAddSpecimen()[pri:0, instance:nl.naturalis.selenium.crs.tests.Test02@3ffc5af1]" name="clickAddSpecimen" duration-ms="2822" started-at="2016-12-06T15:03:49Z" depends-on-methods="nl.naturalis.selenium.crs.tests.Test02.startPageTitle" finished-at="2016-12-06T15:03:52Z">
          <reporter-output>
          </reporter-output>
        </test-method> <!-- clickAddSpecimen -->
        <test-method status="PASS" signature="takeScreenShotOnFailure(org.testng.ITestResult)[pri:0, instance:nl.naturalis.selenium.crs.tests.Test02@3ffc5af1]" name="takeScreenShotOnFailure" is-config="true" duration-ms="1" started-at="2016-12-06T15:03:52Z" finished-at="2016-12-06T15:03:52Z">
          <params>
            <param index="0">
              <value>
                <![CDATA[[TestResult name=clickAddSpecimen status=SUCCESS method=Test02.clickAddSpecimen()[pri:0, instance:nl.naturalis.selenium.crs.tests.Test02@3ffc5af1] output={null}]]]>
              </value>
            </param>
          </params>
          <reporter-output>
          </reporter-output>
        </test-method> <!-- takeScreenShotOnFailure -->
        <test-method status="PASS" signature="detailPageOpen()[pri:0, instance:nl.naturalis.selenium.crs.tests.Test02@3ffc5af1]" name="detailPageOpen" duration-ms="51" started-at="2016-12-06T15:03:52Z" depends-on-methods="nl.naturalis.selenium.crs.tests.Test02.clickAddSpecimen" finished-at="2016-12-06T15:03:52Z">
          <reporter-output>
          </reporter-output>
        </test-method> <!-- detailPageOpen -->
        <test-method status="PASS" signature="takeScreenShotOnFailure(org.testng.ITestResult)[pri:0, instance:nl.naturalis.selenium.crs.tests.Test02@3ffc5af1]" name="takeScreenShotOnFailure" is-config="true" duration-ms="0" started-at="2016-12-06T15:03:52Z" finished-at="2016-12-06T15:03:52Z">
          <params>
            <param index="0">
              <value>
                <![CDATA[[TestResult name=detailPageOpen status=SUCCESS method=Test02.detailPageOpen()[pri:0, instance:nl.naturalis.selenium.crs.tests.Test02@3ffc5af1] output={null}]]]>
              </value>
            </param>
          </params>
          <reporter-output>
          </reporter-output>
        </test-method> <!-- takeScreenShotOnFailure -->
        <test-method status="PASS" signature="openFormSelect()[pri:0, instance:nl.naturalis.selenium.crs.tests.Test02@3ffc5af1]" name="openFormSelect" duration-ms="262" started-at="2016-12-06T15:03:52Z" depends-on-methods="nl.naturalis.selenium.crs.tests.Test02.detailPageOpen" finished-at="2016-12-06T15:03:52Z">
          <reporter-output>
          </reporter-output>
        </test-method> <!-- openFormSelect -->
        <test-method status="PASS" signature="takeScreenShotOnFailure(org.testng.ITestResult)[pri:0, instance:nl.naturalis.selenium.crs.tests.Test02@3ffc5af1]" name="takeScreenShotOnFailure" is-config="true" duration-ms="0" started-at="2016-12-06T15:03:52Z" finished-at="2016-12-06T15:03:52Z">
          <params>
            <param index="0">
              <value>
                <![CDATA[[TestResult name=openFormSelect status=SUCCESS method=Test02.openFormSelect()[pri:0, instance:nl.naturalis.selenium.crs.tests.Test02@3ffc5af1] output={null}]]]>
              </value>
            </param>
          </params>
          <reporter-output>
          </reporter-output>
        </test-method> <!-- takeScreenShotOnFailure -->
        <test-method status="PASS" signature="selectSpecifiedForm()[pri:0, instance:nl.naturalis.selenium.crs.tests.Test02@3ffc5af1]" name="selectSpecifiedForm" duration-ms="341" started-at="2016-12-06T15:03:52Z" depends-on-methods="nl.naturalis.selenium.crs.tests.Test02.openFormSelect" finished-at="2016-12-06T15:03:53Z">
          <reporter-output>
          </reporter-output>
        </test-method> <!-- selectSpecifiedForm -->
        <test-method status="PASS" signature="checkIconInfo()[pri:0, instance:nl.naturalis.selenium.crs.tests.Test02@3ffc5af1]" name="checkIconInfo" duration-ms="1866" started-at="2016-12-06T15:03:53Z" depends-on-methods="nl.naturalis.selenium.crs.tests.Test02.selectSpecifiedForm" finished-at="2016-12-06T15:03:54Z">
          <reporter-output>
          </reporter-output>
        </test-method> <!-- checkIconInfo -->
        <test-method status="PASS" signature="takeScreenShotOnFailure(org.testng.ITestResult)[pri:0, instance:nl.naturalis.selenium.crs.tests.Test02@3ffc5af1]" name="takeScreenShotOnFailure" is-config="true" duration-ms="0" started-at="2016-12-06T15:03:53Z" finished-at="2016-12-06T15:03:53Z">
          <params>
            <param index="0">
              <value>
                <![CDATA[[TestResult name=selectSpecifiedForm status=SUCCESS method=Test02.selectSpecifiedForm()[pri:0, instance:nl.naturalis.selenium.crs.tests.Test02@3ffc5af1] output={null}]]]>
              </value>
            </param>
          </params>
          <reporter-output>
          </reporter-output>
        </test-method> <!-- takeScreenShotOnFailure -->
        <test-method status="PASS" signature="takeScreenShotOnFailure(org.testng.ITestResult)[pri:0, instance:nl.naturalis.selenium.crs.tests.Test02@3ffc5af1]" name="takeScreenShotOnFailure" is-config="true" duration-ms="0" started-at="2016-12-06T15:03:54Z" finished-at="2016-12-06T15:03:54Z">
          <params>
            <param index="0">
              <value>
                <![CDATA[[TestResult name=checkIconInfo status=SUCCESS method=Test02.checkIconInfo()[pri:0, instance:nl.naturalis.selenium.crs.tests.Test02@3ffc5af1] output={null}]]]>
              </value>
            </param>
          </params>
          <reporter-output>
          </reporter-output>
        </test-method> <!-- takeScreenShotOnFailure -->
        <test-method status="PASS" signature="checkContextDisplay()[pri:0, instance:nl.naturalis.selenium.crs.tests.Test02@3ffc5af1]" name="checkContextDisplay" duration-ms="2177" started-at="2016-12-06T15:03:54Z" depends-on-methods="nl.naturalis.selenium.crs.tests.Test02.selectSpecifiedForm" finished-at="2016-12-06T15:03:57Z">
          <reporter-output>
          </reporter-output>
        </test-method> <!-- checkContextDisplay -->
        <test-method status="PASS" signature="takeScreenShotOnFailure(org.testng.ITestResult)[pri:0, instance:nl.naturalis.selenium.crs.tests.Test02@3ffc5af1]" name="takeScreenShotOnFailure" is-config="true" duration-ms="0" started-at="2016-12-06T15:03:57Z" finished-at="2016-12-06T15:03:57Z">
          <params>
            <param index="0">
              <value>
                <![CDATA[[TestResult name=checkContextDisplay status=SUCCESS method=Test02.checkContextDisplay()[pri:0, instance:nl.naturalis.selenium.crs.tests.Test02@3ffc5af1] output={null}]]]>
              </value>
            </param>
          </params>
          <reporter-output>
          </reporter-output>
        </test-method> <!-- takeScreenShotOnFailure -->
        <test-method status="PASS" signature="checkThesaurusAndBinIcons()[pri:0, instance:nl.naturalis.selenium.crs.tests.Test02@3ffc5af1]" name="checkThesaurusAndBinIcons" duration-ms="2168" started-at="2016-12-06T15:03:57Z" depends-on-methods="nl.naturalis.selenium.crs.tests.Test02.selectSpecifiedForm" finished-at="2016-12-06T15:03:59Z">
          <reporter-output>
          </reporter-output>
        </test-method> <!-- checkThesaurusAndBinIcons -->
        <test-method status="PASS" signature="takeScreenShotOnFailure(org.testng.ITestResult)[pri:0, instance:nl.naturalis.selenium.crs.tests.Test02@3ffc5af1]" name="takeScreenShotOnFailure" is-config="true" duration-ms="0" started-at="2016-12-06T15:03:59Z" finished-at="2016-12-06T15:03:59Z">
          <params>
            <param index="0">
              <value>
                <![CDATA[[TestResult name=checkThesaurusAndBinIcons status=SUCCESS method=Test02.checkThesaurusAndBinIcons()[pri:0, instance:nl.naturalis.selenium.crs.tests.Test02@3ffc5af1] output={null}]]]>
              </value>
            </param>
          </params>
          <reporter-output>
          </reporter-output>
        </test-method> <!-- takeScreenShotOnFailure -->
        <test-method status="FAIL" signature="checkIncorrectSubmissionValueTest1A()[pri:0, instance:nl.naturalis.selenium.crs.tests.Test02@3ffc5af1]" name="checkIncorrectSubmissionValueTest1A" duration-ms="2210" started-at="2016-12-06T15:03:59Z" depends-on-methods="nl.naturalis.selenium.crs.tests.Test02.checkThesaurusAndBinIcons" finished-at="2016-12-06T15:04:01Z">
          <exception class="org.openqa.selenium.NoSuchElementException">
            <message>
              <![CDATA[no such element: Unable to locate element: {"method":"xpath","selector":"//input[@atfid='add_ncrs_specimen_inst_coll_subcoll?selectfield']/parent::span/parent::td/img[@class='errorImage']"}
  (Session info: chrome=55.0.2883.75)
  (Driver info: chromedriver=2.24.417424 (c5c5ea873213ee72e3d0929b47482681555340c3),platform=Linux 4.4.0-53-generic x86_64) (WARNING: The server did not provide any stacktrace information)
Command duration or timeout: 1.02 seconds
For documentation on this error, please visit: http://seleniumhq.org/exceptions/no_such_element.html
Build info: version: '2.53.1', revision: 'a36b8b1cd5757287168e54b817830adce9b0158d', time: '2016-06-30 19:26:09'
System info: host: 'LT005461', ip: '127.0.1.1', os.name: 'Linux', os.arch: 'amd64', os.version: '4.4.0-53-generic', java.version: '1.8.0_111'
Driver info: org.openqa.selenium.chrome.ChromeDriver
Capabilities [{applicationCacheEnabled=false, rotatable=false, mobileEmulationEnabled=false, networkConnectionEnabled=false, chrome={chromedriverVersion=2.24.417424 (c5c5ea873213ee72e3d0929b47482681555340c3), userDataDir=/tmp/.org.chromium.Chromium.9P42Xw}, takesHeapSnapshot=true, pageLoadStrategy=normal, databaseEnabled=false, handlesAlerts=true, hasTouchScreen=false, version=55.0.2883.75, platform=LINUX, browserConnectionEnabled=false, nativeEvents=true, acceptSslCerts=true, locationContextEnabled=true, webStorageEnabled=true, browserName=chrome, takesScreenshot=true, javascriptEnabled=true, cssSelectorsEnabled=true}]
Session ID: 37bb66805f2e30c00baf936400fa8cfa
*** Element info: {Using=xpath, value=//input[@atfid='add_ncrs_specimen_inst_coll_subcoll?selectfield']/parent::span/parent::td/img[@class='errorImage']}]]>
            </message>
            <full-stacktrace>
              <![CDATA[org.openqa.selenium.NoSuchElementException: no such element: Unable to locate element: {"method":"xpath","selector":"//input[@atfid='add_ncrs_specimen_inst_coll_subcoll?selectfield']/parent::span/parent::td/img[@class='errorImage']"}
  (Session info: chrome=55.0.2883.75)
  (Driver info: chromedriver=2.24.417424 (c5c5ea873213ee72e3d0929b47482681555340c3),platform=Linux 4.4.0-53-generic x86_64) (WARNING: The server did not provide any stacktrace information)
Command duration or timeout: 1.02 seconds
For documentation on this error, please visit: http://seleniumhq.org/exceptions/no_such_element.html
Build info: version: '2.53.1', revision: 'a36b8b1cd5757287168e54b817830adce9b0158d', time: '2016-06-30 19:26:09'
System info: host: 'LT005461', ip: '127.0.1.1', os.name: 'Linux', os.arch: 'amd64', os.version: '4.4.0-53-generic', java.version: '1.8.0_111'
Driver info: org.openqa.selenium.chrome.ChromeDriver
Capabilities [{applicationCacheEnabled=false, rotatable=false, mobileEmulationEnabled=false, networkConnectionEnabled=false, chrome={chromedriverVersion=2.24.417424 (c5c5ea873213ee72e3d0929b47482681555340c3), userDataDir=/tmp/.org.chromium.Chromium.9P42Xw}, takesHeapSnapshot=true, pageLoadStrategy=normal, databaseEnabled=false, handlesAlerts=true, hasTouchScreen=false, version=55.0.2883.75, platform=LINUX, browserConnectionEnabled=false, nativeEvents=true, acceptSslCerts=true, locationContextEnabled=true, webStorageEnabled=true, browserName=chrome, takesScreenshot=true, javascriptEnabled=true, cssSelectorsEnabled=true}]
Session ID: 37bb66805f2e30c00baf936400fa8cfa
*** Element info: {Using=xpath, value=//input[@atfid='add_ncrs_specimen_inst_coll_subcoll?selectfield']/parent::span/parent::td/img[@class='errorImage']}
	at sun.reflect.NativeConstructorAccessorImpl.newInstance0(Native Method)
	at sun.reflect.NativeConstructorAccessorImpl.newInstance(NativeConstructorAccessorImpl.java:62)
	at sun.reflect.DelegatingConstructorAccessorImpl.newInstance(DelegatingConstructorAccessorImpl.java:45)
	at java.lang.reflect.Constructor.newInstance(Constructor.java:423)
	at org.openqa.selenium.remote.ErrorHandler.createThrowable(ErrorHandler.java:206)
	at org.openqa.selenium.remote.ErrorHandler.throwIfResponseFailed(ErrorHandler.java:158)
	at org.openqa.selenium.remote.RemoteWebDriver.execute(RemoteWebDriver.java:678)
	at org.openqa.selenium.remote.RemoteWebDriver.findElement(RemoteWebDriver.java:363)
	at org.openqa.selenium.remote.RemoteWebDriver.findElementByXPath(RemoteWebDriver.java:500)
	at org.openqa.selenium.By$ByXPath.findElement(By.java:361)
	at org.openqa.selenium.remote.RemoteWebDriver.findElement(RemoteWebDriver.java:355)
	at org.openqa.selenium.support.pagefactory.DefaultElementLocator.findElement(DefaultElementLocator.java:69)
	at org.openqa.selenium.support.pagefactory.internal.LocatingElementHandler.invoke(LocatingElementHandler.java:38)
	at com.sun.proxy.$Proxy8.getAttribute(Unknown Source)
	at nl.naturalis.selenium.crs.pages.DetailBeschrijvingenPage.getIconInfo(DetailBeschrijvingenPage.java:649)
	at nl.naturalis.selenium.crs.tests.Test02.checkIncorrectSubmissionValueTest1A(Test02.java:292)
	at sun.reflect.NativeMethodAccessorImpl.invoke0(Native Method)
	at sun.reflect.NativeMethodAccessorImpl.invoke(NativeMethodAccessorImpl.java:62)
	at sun.reflect.DelegatingMethodAccessorImpl.invoke(DelegatingMethodAccessorImpl.java:43)
	at java.lang.reflect.Method.invoke(Method.java:498)
	at org.testng.internal.MethodInvocationHelper.invokeMethod(MethodInvocationHelper.java:80)
	at org.testng.internal.Invoker.invokeMethod(Invoker.java:714)
	at org.testng.internal.Invoker.invokeTestMethod(Invoker.java:901)
	at org.testng.internal.Invoker.invokeTestMethods(Invoker.java:1231)
	at org.testng.internal.TestMethodWorker.invokeTestMethods(TestMethodWorker.java:127)
	at org.testng.internal.TestMethodWorker.run(TestMethodWorker.java:111)
	at org.testng.TestRunner.privateRun(TestRunner.java:767)
	at org.testng.TestRunner.run(TestRunner.java:617)
	at org.testng.SuiteRunner.runTest(SuiteRunner.java:334)
	at org.testng.SuiteRunner.runSequentially(SuiteRunner.java:329)
	at org.testng.SuiteRunner.privateRun(SuiteRunner.java:291)
	at org.testng.SuiteRunner.run(SuiteRunner.java:240)
	at org.testng.SuiteRunnerWorker.runSuite(SuiteRunnerWorker.java:52)
	at org.testng.SuiteRunnerWorker.run(SuiteRunnerWorker.java:86)
	at org.testng.TestNG.runSuitesSequentially(TestNG.java:1198)
	at org.testng.TestNG.runSuitesLocally(TestNG.java:1123)
	at org.testng.TestNG.run(TestNG.java:1031)
	at org.testng.remote.AbstractRemoteTestNG.run(AbstractRemoteTestNG.java:132)
	at org.testng.remote.RemoteTestNG.initAndRun(RemoteTestNG.java:236)
	at org.testng.remote.RemoteTestNG.main(RemoteTestNG.java:81)
]]>
            </full-stacktrace>
          </exception> <!-- org.openqa.selenium.NoSuchElementException -->
          <reporter-output>
          </reporter-output>
        </test-method> <!-- checkIncorrectSubmissionValueTest1A -->
        <test-method status="PASS" signature="takeScreenShotOnFailure(org.testng.ITestResult)[pri:0, instance:nl.naturalis.selenium.crs.tests.Test02@3ffc5af1]" name="takeScreenShotOnFailure" is-config="true" duration-ms="250" started-at="2016-12-06T15:04:01Z" finished-at="2016-12-06T15:04:01Z">
          <params>
            <param index="0">
              <value>
                <![CDATA[[TestResult name=checkIncorrectSubmissionValueTest1A status=FAILURE method=Test02.checkIncorrectSubmissionValueTest1A()[pri:0, instance:nl.naturalis.selenium.crs.tests.Test02@3ffc5af1] output={null}]]]>
              </value>
            </param>
          </params>
          <reporter-output>
          </reporter-output>
        </test-method> <!-- takeScreenShotOnFailure -->
        <test-method status="PASS" signature="checkIncorrectSubmissionValueTest1B()[pri:0, instance:nl.naturalis.selenium.crs.tests.Test02@3ffc5af1]" name="checkIncorrectSubmissionValueTest1B" duration-ms="1805" started-at="2016-12-06T15:04:01Z" depends-on-methods="nl.naturalis.selenium.crs.tests.Test02.checkThesaurusAndBinIcons" finished-at="2016-12-06T15:04:03Z">
          <reporter-output>
          </reporter-output>
        </test-method> <!-- checkIncorrectSubmissionValueTest1B -->
        <test-method status="PASS" signature="takeScreenShotOnFailure(org.testng.ITestResult)[pri:0, instance:nl.naturalis.selenium.crs.tests.Test02@3ffc5af1]" name="takeScreenShotOnFailure" is-config="true" duration-ms="0" started-at="2016-12-06T15:04:03Z" finished-at="2016-12-06T15:04:03Z">
          <params>
            <param index="0">
              <value>
                <![CDATA[[TestResult name=checkIncorrectSubmissionValueTest1B status=SUCCESS method=Test02.checkIncorrectSubmissionValueTest1B()[pri:0, instance:nl.naturalis.selenium.crs.tests.Test02@3ffc5af1] output={null}]]]>
              </value>
            </param>
          </params>
          <reporter-output>
          </reporter-output>
        </test-method> <!-- takeScreenShotOnFailure -->
        <test-method status="PASS" signature="checkIncorrectSubmissionValueTest1C()[pri:0, instance:nl.naturalis.selenium.crs.tests.Test02@3ffc5af1]" name="checkIncorrectSubmissionValueTest1C" duration-ms="1112" started-at="2016-12-06T15:04:03Z" depends-on-methods="nl.naturalis.selenium.crs.tests.Test02.checkIncorrectSubmissionValueTest1B" finished-at="2016-12-06T15:04:04Z">
          <reporter-output>
          </reporter-output>
        </test-method> <!-- checkIncorrectSubmissionValueTest1C -->
        <test-method status="PASS" signature="takeScreenShotOnFailure(org.testng.ITestResult)[pri:0, instance:nl.naturalis.selenium.crs.tests.Test02@3ffc5af1]" name="takeScreenShotOnFailure" is-config="true" duration-ms="0" started-at="2016-12-06T15:04:04Z" finished-at="2016-12-06T15:04:04Z">
          <params>
            <param index="0">
              <value>
                <![CDATA[[TestResult name=checkIncorrectSubmissionValueTest1C status=SUCCESS method=Test02.checkIncorrectSubmissionValueTest1C()[pri:0, instance:nl.naturalis.selenium.crs.tests.Test02@3ffc5af1] output={null}]]]>
              </value>
            </param>
          </params>
          <reporter-output>
          </reporter-output>
        </test-method> <!-- takeScreenShotOnFailure -->
        <test-method status="PASS" signature="checkIncorrectSubmissionValueTest2A()[pri:0, instance:nl.naturalis.selenium.crs.tests.Test02@3ffc5af1]" name="checkIncorrectSubmissionValueTest2A" duration-ms="1243" started-at="2016-12-06T15:04:04Z" depends-on-methods="nl.naturalis.selenium.crs.tests.Test02.checkIncorrectSubmissionValueTest1C" finished-at="2016-12-06T15:04:05Z">
          <reporter-output>
          </reporter-output>
        </test-method> <!-- checkIncorrectSubmissionValueTest2A -->
        <test-method status="PASS" signature="takeScreenShotOnFailure(org.testng.ITestResult)[pri:0, instance:nl.naturalis.selenium.crs.tests.Test02@3ffc5af1]" name="takeScreenShotOnFailure" is-config="true" duration-ms="0" started-at="2016-12-06T15:04:05Z" finished-at="2016-12-06T15:04:05Z">
          <params>
            <param index="0">
              <value>
                <![CDATA[[TestResult name=checkIncorrectSubmissionValueTest2A status=SUCCESS method=Test02.checkIncorrectSubmissionValueTest2A()[pri:0, instance:nl.naturalis.selenium.crs.tests.Test02@3ffc5af1] output={null}]]]>
              </value>
            </param>
          </params>
          <reporter-output>
          </reporter-output>
        </test-method> <!-- takeScreenShotOnFailure -->
        <test-method status="PASS" signature="checkIncorrectSubmissionValueTest2B()[pri:0, instance:nl.naturalis.selenium.crs.tests.Test02@3ffc5af1]" name="checkIncorrectSubmissionValueTest2B" duration-ms="1763" started-at="2016-12-06T15:04:05Z" depends-on-methods="nl.naturalis.selenium.crs.tests.Test02.checkIncorrectSubmissionValueTest1C" finished-at="2016-12-06T15:04:07Z">
          <reporter-output>
          </reporter-output>
        </test-method> <!-- checkIncorrectSubmissionValueTest2B -->
        <test-method status="PASS" signature="takeScreenShotOnFailure(org.testng.ITestResult)[pri:0, instance:nl.naturalis.selenium.crs.tests.Test02@3ffc5af1]" name="takeScreenShotOnFailure" is-config="true" duration-ms="0" started-at="2016-12-06T15:04:07Z" finished-at="2016-12-06T15:04:07Z">
          <params>
            <param index="0">
              <value>
                <![CDATA[[TestResult name=checkIncorrectSubmissionValueTest2B status=SUCCESS method=Test02.checkIncorrectSubmissionValueTest2B()[pri:0, instance:nl.naturalis.selenium.crs.tests.Test02@3ffc5af1] output={null}]]]>
              </value>
            </param>
          </params>
          <reporter-output>
          </reporter-output>
        </test-method> <!-- takeScreenShotOnFailure -->
        <test-method status="PASS" signature="checkIncorrectSubmissionValueTest2C()[pri:0, instance:nl.naturalis.selenium.crs.tests.Test02@3ffc5af1]" name="checkIncorrectSubmissionValueTest2C" duration-ms="1107" started-at="2016-12-06T15:04:07Z" depends-on-methods="nl.naturalis.selenium.crs.tests.Test02.checkIncorrectSubmissionValueTest1C" finished-at="2016-12-06T15:04:08Z">
          <reporter-output>
          </reporter-output>
        </test-method> <!-- checkIncorrectSubmissionValueTest2C -->
        <test-method status="PASS" signature="takeScreenShotOnFailure(org.testng.ITestResult)[pri:0, instance:nl.naturalis.selenium.crs.tests.Test02@3ffc5af1]" name="takeScreenShotOnFailure" is-config="true" duration-ms="1" started-at="2016-12-06T15:04:08Z" finished-at="2016-12-06T15:04:08Z">
          <params>
            <param index="0">
              <value>
                <![CDATA[[TestResult name=checkIncorrectSubmissionValueTest2C status=SUCCESS method=Test02.checkIncorrectSubmissionValueTest2C()[pri:0, instance:nl.naturalis.selenium.crs.tests.Test02@3ffc5af1] output={null}]]]>
              </value>
            </param>
          </params>
          <reporter-output>
          </reporter-output>
        </test-method> <!-- takeScreenShotOnFailure -->
        <test-method status="PASS" signature="checkIncorrectSubmissionValueTest3A()[pri:0, instance:nl.naturalis.selenium.crs.tests.Test02@3ffc5af1]" name="checkIncorrectSubmissionValueTest3A" duration-ms="1241" started-at="2016-12-06T15:04:08Z" depends-on-methods="nl.naturalis.selenium.crs.tests.Test02.checkIncorrectSubmissionValueTest2C" finished-at="2016-12-06T15:04:10Z">
          <reporter-output>
          </reporter-output>
        </test-method> <!-- checkIncorrectSubmissionValueTest3A -->
        <test-method status="PASS" signature="takeScreenShotOnFailure(org.testng.ITestResult)[pri:0, instance:nl.naturalis.selenium.crs.tests.Test02@3ffc5af1]" name="takeScreenShotOnFailure" is-config="true" duration-ms="0" started-at="2016-12-06T15:04:10Z" finished-at="2016-12-06T15:04:10Z">
          <params>
            <param index="0">
              <value>
                <![CDATA[[TestResult name=checkIncorrectSubmissionValueTest3A status=SUCCESS method=Test02.checkIncorrectSubmissionValueTest3A()[pri:0, instance:nl.naturalis.selenium.crs.tests.Test02@3ffc5af1] output={null}]]]>
              </value>
            </param>
          </params>
          <reporter-output>
          </reporter-output>
        </test-method> <!-- takeScreenShotOnFailure -->
        <test-method status="PASS" signature="checkIncorrectSubmissionValueTest3B()[pri:0, instance:nl.naturalis.selenium.crs.tests.Test02@3ffc5af1]" name="checkIncorrectSubmissionValueTest3B" duration-ms="1735" started-at="2016-12-06T15:04:10Z" depends-on-methods="nl.naturalis.selenium.crs.tests.Test02.checkIncorrectSubmissionValueTest2C" finished-at="2016-12-06T15:04:11Z">
          <reporter-output>
          </reporter-output>
        </test-method> <!-- checkIncorrectSubmissionValueTest3B -->
        <test-method status="PASS" signature="takeScreenShotOnFailure(org.testng.ITestResult)[pri:0, instance:nl.naturalis.selenium.crs.tests.Test02@3ffc5af1]" name="takeScreenShotOnFailure" is-config="true" duration-ms="1" started-at="2016-12-06T15:04:11Z" finished-at="2016-12-06T15:04:11Z">
          <params>
            <param index="0">
              <value>
                <![CDATA[[TestResult name=checkIncorrectSubmissionValueTest3B status=SUCCESS method=Test02.checkIncorrectSubmissionValueTest3B()[pri:0, instance:nl.naturalis.selenium.crs.tests.Test02@3ffc5af1] output={null}]]]>
              </value>
            </param>
          </params>
          <reporter-output>
          </reporter-output>
        </test-method> <!-- takeScreenShotOnFailure -->
        <test-method status="PASS" signature="checkIncorrectSubmissionValueTest3C()[pri:0, instance:nl.naturalis.selenium.crs.tests.Test02@3ffc5af1]" name="checkIncorrectSubmissionValueTest3C" duration-ms="1108" started-at="2016-12-06T15:04:11Z" depends-on-methods="nl.naturalis.selenium.crs.tests.Test02.checkIncorrectSubmissionValueTest2C" finished-at="2016-12-06T15:04:12Z">
          <reporter-output>
          </reporter-output>
        </test-method> <!-- checkIncorrectSubmissionValueTest3C -->
        <test-method status="PASS" signature="takeScreenShotOnFailure(org.testng.ITestResult)[pri:0, instance:nl.naturalis.selenium.crs.tests.Test02@3ffc5af1]" name="takeScreenShotOnFailure" is-config="true" duration-ms="0" started-at="2016-12-06T15:04:12Z" finished-at="2016-12-06T15:04:12Z">
          <params>
            <param index="0">
              <value>
                <![CDATA[[TestResult name=checkIncorrectSubmissionValueTest3C status=SUCCESS method=Test02.checkIncorrectSubmissionValueTest3C()[pri:0, instance:nl.naturalis.selenium.crs.tests.Test02@3ffc5af1] output={null}]]]>
              </value>
            </param>
          </params>
          <reporter-output>
          </reporter-output>
        </test-method> <!-- takeScreenShotOnFailure -->
        <test-method status="PASS" signature="checkIncorrectSubmissionValueTest4A()[pri:0, instance:nl.naturalis.selenium.crs.tests.Test02@3ffc5af1]" name="checkIncorrectSubmissionValueTest4A" duration-ms="1262" started-at="2016-12-06T15:04:12Z" depends-on-methods="nl.naturalis.selenium.crs.tests.Test02.checkIncorrectSubmissionValueTest3C" finished-at="2016-12-06T15:04:14Z">
          <reporter-output>
          </reporter-output>
        </test-method> <!-- checkIncorrectSubmissionValueTest4A -->
        <test-method status="PASS" signature="checkIncorrectSubmissionValueTest4B()[pri:0, instance:nl.naturalis.selenium.crs.tests.Test02@3ffc5af1]" name="checkIncorrectSubmissionValueTest4B" duration-ms="1722" started-at="2016-12-06T15:04:14Z" depends-on-methods="nl.naturalis.selenium.crs.tests.Test02.checkIncorrectSubmissionValueTest3C" finished-at="2016-12-06T15:04:15Z">
          <reporter-output>
          </reporter-output>
        </test-method> <!-- checkIncorrectSubmissionValueTest4B -->
        <test-method status="PASS" signature="takeScreenShotOnFailure(org.testng.ITestResult)[pri:0, instance:nl.naturalis.selenium.crs.tests.Test02@3ffc5af1]" name="takeScreenShotOnFailure" is-config="true" duration-ms="0" started-at="2016-12-06T15:04:14Z" finished-at="2016-12-06T15:04:14Z">
          <params>
            <param index="0">
              <value>
                <![CDATA[[TestResult name=checkIncorrectSubmissionValueTest4A status=SUCCESS method=Test02.checkIncorrectSubmissionValueTest4A()[pri:0, instance:nl.naturalis.selenium.crs.tests.Test02@3ffc5af1] output={null}]]]>
              </value>
            </param>
          </params>
          <reporter-output>
          </reporter-output>
        </test-method> <!-- takeScreenShotOnFailure -->
        <test-method status="PASS" signature="takeScreenShotOnFailure(org.testng.ITestResult)[pri:0, instance:nl.naturalis.selenium.crs.tests.Test02@3ffc5af1]" name="takeScreenShotOnFailure" is-config="true" duration-ms="0" started-at="2016-12-06T15:04:15Z" finished-at="2016-12-06T15:04:15Z">
          <params>
            <param index="0">
              <value>
                <![CDATA[[TestResult name=checkIncorrectSubmissionValueTest4B status=SUCCESS method=Test02.checkIncorrectSubmissionValueTest4B()[pri:0, instance:nl.naturalis.selenium.crs.tests.Test02@3ffc5af1] output={null}]]]>
              </value>
            </param>
          </params>
          <reporter-output>
          </reporter-output>
        </test-method> <!-- takeScreenShotOnFailure -->
        <test-method status="PASS" signature="checkIncorrectSubmissionValueTest4C()[pri:0, instance:nl.naturalis.selenium.crs.tests.Test02@3ffc5af1]" name="checkIncorrectSubmissionValueTest4C" duration-ms="1106" started-at="2016-12-06T15:04:15Z" depends-on-methods="nl.naturalis.selenium.crs.tests.Test02.checkIncorrectSubmissionValueTest3C" finished-at="2016-12-06T15:04:16Z">
          <reporter-output>
          </reporter-output>
        </test-method> <!-- checkIncorrectSubmissionValueTest4C -->
        <test-method status="PASS" signature="takeScreenShotOnFailure(org.testng.ITestResult)[pri:0, instance:nl.naturalis.selenium.crs.tests.Test02@3ffc5af1]" name="takeScreenShotOnFailure" is-config="true" duration-ms="0" started-at="2016-12-06T15:04:16Z" finished-at="2016-12-06T15:04:16Z">
          <params>
            <param index="0">
              <value>
                <![CDATA[[TestResult name=checkIncorrectSubmissionValueTest4C status=SUCCESS method=Test02.checkIncorrectSubmissionValueTest4C()[pri:0, instance:nl.naturalis.selenium.crs.tests.Test02@3ffc5af1] output={null}]]]>
              </value>
            </param>
          </params>
          <reporter-output>
          </reporter-output>
        </test-method> <!-- takeScreenShotOnFailure -->
        <test-method status="PASS" signature="checkTextEntryCurrentCollectionName()[pri:0, instance:nl.naturalis.selenium.crs.tests.Test02@3ffc5af1]" name="checkTextEntryCurrentCollectionName" duration-ms="1377" started-at="2016-12-06T15:04:16Z" depends-on-methods="nl.naturalis.selenium.crs.tests.Test02.checkIncorrectSubmissionValueTest3C" finished-at="2016-12-06T15:04:18Z">
          <reporter-output>
          </reporter-output>
        </test-method> <!-- checkTextEntryCurrentCollectionName -->
        <test-method status="PASS" signature="checkTextEntryBasisOfRecord()[pri:0, instance:nl.naturalis.selenium.crs.tests.Test02@3ffc5af1]" name="checkTextEntryBasisOfRecord" duration-ms="1365" started-at="2016-12-06T15:04:18Z" depends-on-methods="nl.naturalis.selenium.crs.tests.Test02.checkIncorrectSubmissionValueTest3C" finished-at="2016-12-06T15:04:19Z">
          <reporter-output>
          </reporter-output>
        </test-method> <!-- checkTextEntryBasisOfRecord -->
        <test-method status="PASS" signature="takeScreenShotOnFailure(org.testng.ITestResult)[pri:0, instance:nl.naturalis.selenium.crs.tests.Test02@3ffc5af1]" name="takeScreenShotOnFailure" is-config="true" duration-ms="0" started-at="2016-12-06T15:04:18Z" finished-at="2016-12-06T15:04:18Z">
          <params>
            <param index="0">
              <value>
                <![CDATA[[TestResult name=checkTextEntryCurrentCollectionName status=SUCCESS method=Test02.checkTextEntryCurrentCollectionName()[pri:0, instance:nl.naturalis.selenium.crs.tests.Test02@3ffc5af1] output={null}]]]>
              </value>
            </param>
          </params>
          <reporter-output>
          </reporter-output>
        </test-method> <!-- takeScreenShotOnFailure -->
        <test-method status="PASS" signature="checkTextEntryMount()[pri:0, instance:nl.naturalis.selenium.crs.tests.Test02@3ffc5af1]" name="checkTextEntryMount" duration-ms="1376" started-at="2016-12-06T15:04:19Z" depends-on-methods="nl.naturalis.selenium.crs.tests.Test02.checkIncorrectSubmissionValueTest3C" finished-at="2016-12-06T15:04:21Z">
          <reporter-output>
          </reporter-output>
        </test-method> <!-- checkTextEntryMount -->
        <test-method status="PASS" signature="takeScreenShotOnFailure(org.testng.ITestResult)[pri:0, instance:nl.naturalis.selenium.crs.tests.Test02@3ffc5af1]" name="takeScreenShotOnFailure" is-config="true" duration-ms="0" started-at="2016-12-06T15:04:19Z" finished-at="2016-12-06T15:04:19Z">
          <params>
            <param index="0">
              <value>
                <![CDATA[[TestResult name=checkTextEntryBasisOfRecord status=SUCCESS method=Test02.checkTextEntryBasisOfRecord()[pri:0, instance:nl.naturalis.selenium.crs.tests.Test02@3ffc5af1] output={null}]]]>
              </value>
            </param>
          </params>
          <reporter-output>
          </reporter-output>
        </test-method> <!-- takeScreenShotOnFailure -->
        <test-method status="PASS" signature="takeScreenShotOnFailure(org.testng.ITestResult)[pri:0, instance:nl.naturalis.selenium.crs.tests.Test02@3ffc5af1]" name="takeScreenShotOnFailure" is-config="true" duration-ms="0" started-at="2016-12-06T15:04:21Z" finished-at="2016-12-06T15:04:21Z">
          <params>
            <param index="0">
              <value>
                <![CDATA[[TestResult name=checkTextEntryMount status=SUCCESS method=Test02.checkTextEntryMount()[pri:0, instance:nl.naturalis.selenium.crs.tests.Test02@3ffc5af1] output={null}]]]>
              </value>
            </param>
          </params>
          <reporter-output>
          </reporter-output>
        </test-method> <!-- takeScreenShotOnFailure -->
        <test-method status="PASS" signature="checkTextEntryPreservedPart()[pri:0, instance:nl.naturalis.selenium.crs.tests.Test02@3ffc5af1]" name="checkTextEntryPreservedPart" duration-ms="1374" started-at="2016-12-06T15:04:21Z" depends-on-methods="nl.naturalis.selenium.crs.tests.Test02.checkIncorrectSubmissionValueTest3C" finished-at="2016-12-06T15:04:22Z">
          <reporter-output>
          </reporter-output>
        </test-method> <!-- checkTextEntryPreservedPart -->
        <test-method status="PASS" signature="takeScreenShotOnFailure(org.testng.ITestResult)[pri:0, instance:nl.naturalis.selenium.crs.tests.Test02@3ffc5af1]" name="takeScreenShotOnFailure" is-config="true" duration-ms="0" started-at="2016-12-06T15:04:22Z" finished-at="2016-12-06T15:04:22Z">
          <params>
            <param index="0">
              <value>
                <![CDATA[[TestResult name=checkTextEntryPreservedPart status=SUCCESS method=Test02.checkTextEntryPreservedPart()[pri:0, instance:nl.naturalis.selenium.crs.tests.Test02@3ffc5af1] output={null}]]]>
              </value>
            </param>
          </params>
          <reporter-output>
          </reporter-output>
        </test-method> <!-- takeScreenShotOnFailure -->
        <test-method status="PASS" signature="checkPrefix()[pri:0, instance:nl.naturalis.selenium.crs.tests.Test02@3ffc5af1]" name="checkPrefix" duration-ms="2130" started-at="2016-12-06T15:04:22Z" depends-on-methods="nl.naturalis.selenium.crs.tests.Test02.checkIncorrectSubmissionValueTest3C" finished-at="2016-12-06T15:04:24Z">
          <reporter-output>
          </reporter-output>
        </test-method> <!-- checkPrefix -->
        <test-method status="PASS" signature="takeScreenShotOnFailure(org.testng.ITestResult)[pri:0, instance:nl.naturalis.selenium.crs.tests.Test02@3ffc5af1]" name="takeScreenShotOnFailure" is-config="true" duration-ms="0" started-at="2016-12-06T15:04:24Z" finished-at="2016-12-06T15:04:24Z">
          <params>
            <param index="0">
              <value>
                <![CDATA[[TestResult name=checkPrefix status=SUCCESS method=Test02.checkPrefix()[pri:0, instance:nl.naturalis.selenium.crs.tests.Test02@3ffc5af1] output={null}]]]>
              </value>
            </param>
          </params>
          <reporter-output>
          </reporter-output>
        </test-method> <!-- takeScreenShotOnFailure -->
        <test-method status="PASS" signature="checkNumber()[pri:0, instance:nl.naturalis.selenium.crs.tests.Test02@3ffc5af1]" name="checkNumber" duration-ms="115" started-at="2016-12-06T15:04:24Z" depends-on-methods="nl.naturalis.selenium.crs.tests.Test02.checkIncorrectSubmissionValueTest3C" finished-at="2016-12-06T15:04:24Z">
          <reporter-output>
          </reporter-output>
        </test-method> <!-- checkNumber -->
        <test-method status="PASS" signature="takeScreenShotOnFailure(org.testng.ITestResult)[pri:0, instance:nl.naturalis.selenium.crs.tests.Test02@3ffc5af1]" name="takeScreenShotOnFailure" is-config="true" duration-ms="1" started-at="2016-12-06T15:04:24Z" finished-at="2016-12-06T15:04:24Z">
          <params>
            <param index="0">
              <value>
                <![CDATA[[TestResult name=checkNumber status=SUCCESS method=Test02.checkNumber()[pri:0, instance:nl.naturalis.selenium.crs.tests.Test02@3ffc5af1] output={null}]]]>
              </value>
            </param>
          </params>
          <reporter-output>
          </reporter-output>
        </test-method> <!-- takeScreenShotOnFailure -->
        <test-method status="PASS" signature="checkSuffix()[pri:0, instance:nl.naturalis.selenium.crs.tests.Test02@3ffc5af1]" name="checkSuffix" duration-ms="162" started-at="2016-12-06T15:04:24Z" depends-on-methods="nl.naturalis.selenium.crs.tests.Test02.checkIncorrectSubmissionValueTest3C" finished-at="2016-12-06T15:04:24Z">
          <reporter-output>
          </reporter-output>
        </test-method> <!-- checkSuffix -->
        <test-method status="PASS" signature="takeScreenShotOnFailure(org.testng.ITestResult)[pri:0, instance:nl.naturalis.selenium.crs.tests.Test02@3ffc5af1]" name="takeScreenShotOnFailure" is-config="true" duration-ms="0" started-at="2016-12-06T15:04:24Z" finished-at="2016-12-06T15:04:24Z">
          <params>
            <param index="0">
              <value>
                <![CDATA[[TestResult name=checkSuffix status=SUCCESS method=Test02.checkSuffix()[pri:0, instance:nl.naturalis.selenium.crs.tests.Test02@3ffc5af1] output={null}]]]>
              </value>
            </param>
          </params>
          <reporter-output>
          </reporter-output>
        </test-method> <!-- takeScreenShotOnFailure -->
        <test-method status="PASS" signature="checkRegistrationNumber()[pri:0, instance:nl.naturalis.selenium.crs.tests.Test02@3ffc5af1]" name="checkRegistrationNumber" duration-ms="4201" started-at="2016-12-06T15:04:24Z" depends-on-methods="nl.naturalis.selenium.crs.tests.Test02.checkSuffix" finished-at="2016-12-06T15:04:29Z">
          <reporter-output>
          </reporter-output>
        </test-method> <!-- checkRegistrationNumber -->
        <test-method status="PASS" signature="takeScreenShotOnFailure(org.testng.ITestResult)[pri:0, instance:nl.naturalis.selenium.crs.tests.Test02@3ffc5af1]" name="takeScreenShotOnFailure" is-config="true" duration-ms="0" started-at="2016-12-06T15:04:29Z" finished-at="2016-12-06T15:04:29Z">
          <params>
            <param index="0">
              <value>
                <![CDATA[[TestResult name=checkRegistrationNumber status=SUCCESS method=Test02.checkRegistrationNumber()[pri:0, instance:nl.naturalis.selenium.crs.tests.Test02@3ffc5af1] output={null}]]]>
              </value>
            </param>
          </params>
          <reporter-output>
          </reporter-output>
        </test-method> <!-- takeScreenShotOnFailure -->
        <test-method status="PASS" signature="checkCreateRegistrationNumber()[pri:0, instance:nl.naturalis.selenium.crs.tests.Test02@3ffc5af1]" name="checkCreateRegistrationNumber" duration-ms="2117" started-at="2016-12-06T15:04:29Z" depends-on-methods="nl.naturalis.selenium.crs.tests.Test02.checkRegistrationNumber" finished-at="2016-12-06T15:04:31Z">
          <reporter-output>
          </reporter-output>
        </test-method> <!-- checkCreateRegistrationNumber -->
        <test-method status="PASS" signature="takeScreenShotOnFailure(org.testng.ITestResult)[pri:0, instance:nl.naturalis.selenium.crs.tests.Test02@3ffc5af1]" name="takeScreenShotOnFailure" is-config="true" duration-ms="0" started-at="2016-12-06T15:04:31Z" finished-at="2016-12-06T15:04:31Z">
          <params>
            <param index="0">
              <value>
                <![CDATA[[TestResult name=checkCreateRegistrationNumber status=SUCCESS method=Test02.checkCreateRegistrationNumber()[pri:0, instance:nl.naturalis.selenium.crs.tests.Test02@3ffc5af1] output={null}]]]>
              </value>
            </param>
          </params>
          <reporter-output>
          </reporter-output>
        </test-method> <!-- takeScreenShotOnFailure -->
        <test-method status="PASS" signature="checkCreateRegistrationNumberWithE()[pri:0, instance:nl.naturalis.selenium.crs.tests.Test02@3ffc5af1]" name="checkCreateRegistrationNumberWithE" duration-ms="374" started-at="2016-12-06T15:04:31Z" depends-on-methods="nl.naturalis.selenium.crs.tests.Test02.checkCreateRegistrationNumber" finished-at="2016-12-06T15:04:31Z">
          <reporter-output>
          </reporter-output>
        </test-method> <!-- checkCreateRegistrationNumberWithE -->
        <test-method status="PASS" signature="takeScreenShotOnFailure(org.testng.ITestResult)[pri:0, instance:nl.naturalis.selenium.crs.tests.Test02@3ffc5af1]" name="takeScreenShotOnFailure" is-config="true" duration-ms="1" started-at="2016-12-06T15:04:31Z" finished-at="2016-12-06T15:04:31Z">
          <params>
            <param index="0">
              <value>
                <![CDATA[[TestResult name=checkCreateRegistrationNumberWithE status=SUCCESS method=Test02.checkCreateRegistrationNumberWithE()[pri:0, instance:nl.naturalis.selenium.crs.tests.Test02@3ffc5af1] output={null}]]]>
              </value>
            </param>
          </params>
          <reporter-output>
          </reporter-output>
        </test-method> <!-- takeScreenShotOnFailure -->
        <test-method status="PASS" signature="checkEnterRegistrationNumberWithE()[pri:0, instance:nl.naturalis.selenium.crs.tests.Test02@3ffc5af1]" name="checkEnterRegistrationNumberWithE" duration-ms="522" started-at="2016-12-06T15:04:31Z" depends-on-methods="nl.naturalis.selenium.crs.tests.Test02.checkCreateRegistrationNumber" finished-at="2016-12-06T15:04:32Z">
          <reporter-output>
          </reporter-output>
        </test-method> <!-- checkEnterRegistrationNumberWithE -->
        <test-method status="PASS" signature="takeScreenShotOnFailure(org.testng.ITestResult)[pri:0, instance:nl.naturalis.selenium.crs.tests.Test02@3ffc5af1]" name="takeScreenShotOnFailure" is-config="true" duration-ms="1" started-at="2016-12-06T15:04:32Z" finished-at="2016-12-06T15:04:32Z">
          <params>
            <param index="0">
              <value>
                <![CDATA[[TestResult name=checkEnterRegistrationNumberWithE status=SUCCESS method=Test02.checkEnterRegistrationNumberWithE()[pri:0, instance:nl.naturalis.selenium.crs.tests.Test02@3ffc5af1] output={null}]]]>
              </value>
            </param>
          </params>
          <reporter-output>
          </reporter-output>
        </test-method> <!-- takeScreenShotOnFailure -->
        <test-method status="PASS" signature="cleanUp()[pri:0, instance:nl.naturalis.selenium.crs.tests.Test02@3ffc5af1]" name="cleanUp" is-config="true" duration-ms="0" started-at="2016-12-06T15:04:32Z" finished-at="2016-12-06T15:04:32Z">
          <reporter-output>
          </reporter-output>
        </test-method> <!-- cleanUp -->
      </class> <!-- nl.naturalis.selenium.crs.tests.Test02 -->
    </test> <!-- Default test -->
  </suite> <!-- Default suite -->
</testng-results>
